<?xml version="1.0" encoding="UTF-8"?>
<testng-results ignored="0" total="2" passed="2" failed="0" skipped="0">
  <reporter-output>
  </reporter-output>
  <suite started-at="2024-07-18T16:05:49 CEST" name="Suite" finished-at="2024-07-18T16:05:49 CEST" duration-ms="64">
    <groups>
    </groups>
    <test started-at="2024-07-18T16:05:49 CEST" name="Test" finished-at="2024-07-18T16:05:49 CEST" duration-ms="64">
      <class name="demo.Script1Test">
        <test-method signature="m1()[pri:0, instance:demo.Script1Test@2ed2d9cb]" started-at="2024-07-18T16:05:49 CEST" name="m1" finished-at="2024-07-18T16:05:49 CEST" duration-ms="11" status="PASS">
          <reporter-output>
          </reporter-output>
        </test-method> <!-- m1 -->
      </class> <!-- demo.Script1Test -->
      <class name="demo.Script2Test">
        <test-method signature="m2()[pri:0, instance:demo.Script2Test@2c1b194a]" started-at="2024-07-18T16:05:49 CEST" name="m2" finished-at="2024-07-18T16:05:49 CEST" duration-ms="2" status="PASS">
          <reporter-output>
          </reporter-output>
        </test-method> <!-- m2 -->
      </class> <!-- demo.Script2Test -->
    </test> <!-- Test -->
  </suite> <!-- Suite -->
</testng-results>
